<?xml version="1.0" encoding="UTF-8"?>
<!-- Generated by org.testng.reporters.JUnitReportReporter -->
<testsuite hostname="m-PC" name="com.jdbc.JdbcConnection" tests="1" failures="0" timestamp="9 Jun 2020 04:15:08 GMT" time="0.669" errors="0">
  <testcase name="connectdb" time="0.669" classname="com.jdbc.JdbcConnection"/>
</testsuite> <!-- com.jdbc.JdbcConnection -->
