<?xml version="1.0" encoding="UTF-8"?>
<!-- Generated by org.testng.reporters.JUnitReportReporter -->
<testsuite hostname="m-PC" name="com.jdbc.MinetestClass" tests="1" failures="0" timestamp="9 Jun 2020 12:59:18 GMT" time="0.727" errors="0">
  <testcase name="testingMethods" time="0.727" classname="com.jdbc.MinetestClass"/>
</testsuite> <!-- com.jdbc.MinetestClass -->
