<?xml version="1.0" encoding="UTF-8"?>
<!-- Generated by org.testng.reporters.JUnitReportReporter -->
<testsuite hostname="m-PC" name="com.jdbc.BatchProcessing" tests="1" failures="0" timestamp="10 Jun 2020 05:31:13 GMT" time="0.684" errors="0">
  <testcase name="connectdb" time="0.684" classname="com.jdbc.BatchProcessing"/>
</testsuite> <!-- com.jdbc.BatchProcessing -->
