<?xml version="1.0" encoding="UTF-8"?>
<!-- Generated by org.testng.reporters.JUnitReportReporter -->
<testsuite hostname="m-PC" name="com.jdbc.PreparedStatementTest" tests="1" failures="0" timestamp="10 Jun 2020 05:12:52 GMT" time="0.778" errors="0">
  <testcase name="connectdb" time="0.778" classname="com.jdbc.PreparedStatementTest"/>
</testsuite> <!-- com.jdbc.PreparedStatementTest -->
