<?xml version="1.0" encoding="UTF-8"?>
<!-- Generated by org.testng.reporters.JUnitReportReporter -->
<testsuite hostname="m-PC" name="com.jdbc.resultSetMetadatatest" tests="1" failures="0" timestamp="10 Jun 2020 04:28:01 GMT" time="0.640" errors="0">
  <testcase name="connectdb" time="0.640" classname="com.jdbc.resultSetMetadatatest"/>
</testsuite> <!-- com.jdbc.resultSetMetadatatest -->
